[0m21:21:04.751681 [debug] [MainThread]: Sending event: {'category': 'dbt', 'action': 'invocation', 'label': 'start', 'context': [<snowplow_tracker.self_describing_json.SelfDescribingJson object at 0x107427b60>, <snowplow_tracker.self_describing_json.SelfDescribingJson object at 0x108a83b10>, <snowplow_tracker.self_describing_json.SelfDescribingJson object at 0x108a83890>]}


============================== 21:21:04.754342 | abe3545e-f9d5-4af0-8341-c3b258a27d9d ==============================
[0m21:21:04.754342 [info ] [MainThread]: Running with dbt=1.11.0-b4
[0m21:21:04.754617 [debug] [MainThread]: running dbt with arguments {'static_parser': 'True', 'use_experimental_parser': 'False', 'quiet': 'False', 'use_colors': 'True', 'fail_fast': 'False', 'invocation_command': 'dbt init demo_dbt', 'log_cache_events': 'False', 'warn_error': 'None', 'debug': 'False', 'indirect_selection': 'eager', 'target_path': 'None', 'warn_error_options': 'WarnErrorOptionsV2(error=[], warn=[], silence=[])', 'printer_width': '80', 'log_path': 'logs', 'write_json': 'True', 'empty': 'None', 'partial_parse': 'True', 'log_format': 'default', 'no_print': 'None', 'version_check': 'True', 'send_anonymous_usage_stats': 'True', 'introspect': 'True', 'cache_selected_only': 'False', 'profiles_dir': '/Users/amine/.dbt'}
[0m21:21:04.762504 [info ] [MainThread]: Creating dbt configuration folder at /Users/amine/.dbt
[0m21:21:04.763557 [debug] [MainThread]: Starter project path: /Library/Frameworks/Python.framework/Versions/3.13/lib/python3.13/site-packages/dbt/include/starter_project
[0m21:21:04.766572 [info ] [MainThread]: 
Your new dbt project "demo_dbt" was created!

For more information on how to configure the profiles.yml file,
please consult the dbt documentation here:

  https://docs.getdbt.com/docs/configure-your-profile

One more thing:

Need help? Don't hesitate to reach out to us via GitHub issues or on Slack:

  https://community.getdbt.com/

Happy modeling!

[0m21:21:04.766794 [info ] [MainThread]: Setting up your profile.
[0m21:21:49.515703 [debug] [MainThread]: Snowflake adapter: Setting snowflake.connector to ERROR (file logging only)
[0m21:21:49.516013 [debug] [MainThread]: Snowflake adapter: Setting botocore to ERROR (file logging only)
[0m21:21:49.516141 [debug] [MainThread]: Snowflake adapter: Setting boto3 to ERROR (file logging only)
[0m21:22:39.186217 [info ] [MainThread]: Profile demo_dbt written to /Users/amine/.dbt/profiles.yml using target's profile_template.yml and your supplied values. Run 'dbt debug' to validate the connection.
[0m21:22:39.191569 [debug] [MainThread]: Resource report: {"command_name": "init", "command_success": true, "command_wall_clock_time": 94.46906, "process_in_blocks": "0", "process_kernel_time": 0.155426, "process_mem_max_rss": "171048960", "process_out_blocks": "0", "process_user_time": 0.688847}
[0m21:22:39.192760 [debug] [MainThread]: Command `dbt init` succeeded at 21:22:39.192616 after 94.47 seconds
[0m21:22:39.193215 [debug] [MainThread]: Sending event: {'category': 'dbt', 'action': 'invocation', 'label': 'end', 'context': [<snowplow_tracker.self_describing_json.SelfDescribingJson object at 0x10c962190>, <snowplow_tracker.self_describing_json.SelfDescribingJson object at 0x107414dd0>, <snowplow_tracker.self_describing_json.SelfDescribingJson object at 0x10c964f30>]}
[0m21:22:39.193702 [debug] [MainThread]: Flushing usage events
[0m21:22:39.672134 [debug] [MainThread]: An error was encountered while trying to flush usage events
